<?xml version="1.0" encoding="UTF-8"?>
<!-- Generated by org.testng.reporters.JUnitXMLReporter -->
<testsuite hostname="computer.local" name="RESTAssuredStandalone" tests="9" failures="0" timestamp="21 Jul 2017 17:23:12 GMT" time="0.019" errors="0">
  <testcase name="@BeforeClass initPath" time="0.0" classname="com.jaemzware.BranchesGetAnonymousHappyPath">
    <failure type="java.lang.NoClassDefFoundError" message="io/restassured/RestAssured">
      <![CDATA[java.lang.NoClassDefFoundError: io/restassured/RestAssured
	at com.jaemzware.BaseTest.initPath(BaseTest.java:30)
Caused by: java.lang.ClassNotFoundException: io.restassured.RestAssured
	at java.net.URLClassLoader.findClass(URLClassLoader.java:381)
	at java.lang.ClassLoader.loadClass(ClassLoader.java:424)
	at sun.misc.Launcher$AppClassLoader.loadClass(Launcher.java:331)
	at java.lang.ClassLoader.loadClass(ClassLoader.java:357)
	... 24 more
... Removed 23 stack frames]]>
    </failure>
  </testcase> <!-- @BeforeClass initPath -->
  <testcase name="@BeforeClass initPath" time="0.0" classname="com.jaemzware.BranchesGetAuthenticatedHappyPath">
    <skipped/>
  </testcase> <!-- @BeforeClass initPath -->
  <testcase name="@BeforeClass initPath" time="0.0" classname="com.jaemzware.ReposGetAnonymousHappyPath">
    <skipped/>
  </testcase> <!-- @BeforeClass initPath -->
  <testcase name="@BeforeClass initPath" time="0.0" classname="com.jaemzware.ReposGetAuthenticatedHappyPath">
    <skipped/>
  </testcase> <!-- @BeforeClass initPath -->
  <testcase name="@BeforeClass initPath" time="0.0" classname="com.jaemzware.ReposNegPostAnonymous">
    <skipped/>
  </testcase> <!-- @BeforeClass initPath -->
  <testcase name="@BeforeClass initPath" time="0.0" classname="com.jaemzware.UserGetHappyPath">
    <skipped/>
  </testcase> <!-- @BeforeClass initPath -->
  <testcase name="@BeforeClass initPath" time="0.0" classname="com.jaemzware.UserNegNotAuthorized">
    <skipped/>
  </testcase> <!-- @BeforeClass initPath -->
  <testcase name="@BeforeClass initPath" time="0.0" classname="com.jaemzware.StuffedAnimalWarPostHappyPath">
    <skipped/>
  </testcase> <!-- @BeforeClass initPath -->
  <testcase name="@BeforeClass initPath" time="0.0" classname="com.jaemzware.UsersGetSpecificUserHappyPath">
    <skipped/>
  </testcase> <!-- @BeforeClass initPath -->
  <testcase name="BranchesGetAnonymousHappyPathTest" time="0.0" classname="com.jaemzware.BranchesGetAnonymousHappyPath">
    <skipped/>
  </testcase> <!-- BranchesGetAnonymousHappyPathTest -->
  <testcase name="BranchesGetAuthenticatedHappyPathTest" time="0.0" classname="com.jaemzware.BranchesGetAuthenticatedHappyPath">
    <skipped/>
  </testcase> <!-- BranchesGetAuthenticatedHappyPathTest -->
  <testcase name="ReposGetAnonymousHappyPathTest" time="0.001" classname="com.jaemzware.ReposGetAnonymousHappyPath">
    <skipped/>
  </testcase> <!-- ReposGetAnonymousHappyPathTest -->
  <testcase name="ReposGetAuthenticatedHappyPathTest" time="0.0" classname="com.jaemzware.ReposGetAuthenticatedHappyPath">
    <skipped/>
  </testcase> <!-- ReposGetAuthenticatedHappyPathTest -->
  <testcase name="ReposNegPostAnonymousTest" time="0.0" classname="com.jaemzware.ReposNegPostAnonymous">
    <skipped/>
  </testcase> <!-- ReposNegPostAnonymousTest -->
  <testcase name="UserGetHappyPathTest" time="0.0" classname="com.jaemzware.UserGetHappyPath">
    <skipped/>
  </testcase> <!-- UserGetHappyPathTest -->
  <testcase name="UserNegNotAuthorizedTest" time="0.0" classname="com.jaemzware.UserNegNotAuthorized">
    <skipped/>
  </testcase> <!-- UserNegNotAuthorizedTest -->
  <testcase name="UserPostHappyPathTest" time="0.0" classname="com.jaemzware.StuffedAnimalWarPostHappyPath">
    <skipped/>
  </testcase> <!-- UserPostHappyPathTest -->
  <testcase name="UsersGetSpecificUserHappyPathTest" time="0.0" classname="com.jaemzware.UsersGetSpecificUserHappyPath">
    <skipped/>
  </testcase> <!-- UsersGetSpecificUserHappyPathTest -->
</testsuite> <!-- RESTAssuredStandalone -->
