<?xml version="1.0" encoding="UTF-8"?>
<!-- Generated by org.testng.reporters.JUnitXMLReporter -->
<testsuite hostname="computer.local" name="RESTAssuredStandalone" tests="9" failures="0" timestamp="21 Jul 2017 17:22:56 GMT" time="29.897" errors="0">
  <testcase name="BranchesGetAnonymousHappyPathTest" time="14.796" classname="com.jaemzware.BranchesGetAnonymousHappyPath"/>
  <testcase name="BranchesGetAuthenticatedHappyPathTest" time="10.124" classname="com.jaemzware.BranchesGetAuthenticatedHappyPath"/>
  <testcase name="ReposGetAnonymousHappyPathTest" time="0.753" classname="com.jaemzware.ReposGetAnonymousHappyPath"/>
  <testcase name="ReposGetAuthenticatedHappyPathTest" time="0.5" classname="com.jaemzware.ReposGetAuthenticatedHappyPath"/>
  <testcase name="ReposNegPostAnonymousTest" time="0.395" classname="com.jaemzware.ReposNegPostAnonymous"/>
  <testcase name="UserGetHappyPathTest" time="0.422" classname="com.jaemzware.UserGetHappyPath"/>
  <testcase name="UserNegNotAuthorizedTest" time="0.403" classname="com.jaemzware.UserNegNotAuthorized"/>
  <testcase name="UserPostHappyPathTest" time="1.393" classname="com.jaemzware.UserPostHappyPath"/>
  <testcase name="UsersGetSpecificUserHappyPathTest" time="0.363" classname="com.jaemzware.UsersGetSpecificUserHappyPath"/>
</testsuite> <!-- RESTAssuredStandalone -->
