<?xml version="1.0" encoding="UTF-8"?>
<testsuite xmlns:xsi="http://www.w3.org/2001/XMLSchema-instance" xsi:noNamespaceSchemaLocation="https://maven.apache.org/surefire/maven-surefire-plugin/xsd/surefire-test-report.xsd" name="TestSuite" time="26.341" tests="10" errors="0" skipped="0" failures="1">
  <properties>
[...]
</properties>
  <testcase name="BranchesGetAnonymousHappyPathTest" classname="com.jaemzware.BranchesGetAnonymousHappyPath" time="7.065"/>
  <testcase name="BranchesGetAuthenticatedHappyPathTest" classname="com.jaemzware.BranchesGetAuthenticatedHappyPath" time="6.04"/>
  <testcase name="ReposGetAnonymousHappyPathTest" classname="com.jaemzware.ReposGetAnonymousHappyPath" time="1.105"/>
  <testcase name="ReposGetAuthenticatedHappyPathTest" classname="com.jaemzware.ReposGetAuthenticatedHappyPath" time="0.779"/>
  <testcase name="ReposNegPostAnonymousTest" classname="com.jaemzware.ReposNegPostAnonymous" time="0.001"/>
  <testcase name="StuffedAnimalWarPostHappyPathTest" classname="com.jaemzware.StuffedAnimalWarAllPasswords" time="4.691"/>
  <testcase name="StuffedAnimalWarPostHappyPathTest" classname="com.jaemzware.StuffedAnimalWarPostHappyPath" time="0.863"/>
  <testcase name="UserGetHappyPathTest" classname="com.jaemzware.UserGetHappyPath" time="0.13"/>
  <testcase name="UserNegNotAuthorizedTest" classname="com.jaemzware.UserNegNotAuthorized" time="0.145">
    <failure message="could not access constructor: private java.lang.AssertionError(java.lang.String) with arguments: [1 expectation failed.&#10;Expected status code &lt;401&gt; but was &lt;200&gt;.&#10;] reason: java.lang.IllegalAccessException: class org.codehaus.groovy.reflection.CachedConstructor cannot access a member of class java.lang.AssertionError (in module java.base) with modifiers &quot;private&quot;" type="groovy.lang.GroovyRuntimeException"><![CDATA[groovy.lang.GroovyRuntimeException: 
could not access constructor: private java.lang.AssertionError(java.lang.String) with arguments: [1 expectation failed.
Expected status code <401> but was <200>.
] reason: java.lang.IllegalAccessException: class org.codehaus.groovy.reflection.CachedConstructor cannot access a member of class java.lang.AssertionError (in module java.base) with modifiers "private"
	at com.jaemzware.UserNegNotAuthorized.UserNegNotAuthorizedTest(UserNegNotAuthorized.java:18)
]]></failure>
    <system-out><![CDATA[HTTP/1.1 200 OK
Server: GitHub.com
Date: Sun, 11 Jun 2023 19:03:44 GMT
Content-Type: application/json; charset=utf-8
Transfer-Encoding: chunked
Cache-Control: private, max-age=60, s-maxage=60
Vary: Accept, Authorization, Cookie, X-GitHub-OTP
ETag: W/"067fe0353d8ee8a2d61f00805c061852bbc3107e33f65db6249bd148af2b39ef"
Last-Modified: Sun, 07 May 2023 07:23:20 GMT
X-OAuth-Scopes: repo
X-Accepted-OAuth-Scopes: 
github-authentication-token-expiration: 2023-09-08 00:47:58 UTC
X-GitHub-Media-Type: github.v3; format=json
x-github-api-version-selected: 2022-11-28
X-RateLimit-Limit: 5000
X-RateLimit-Remaining: 4895
X-RateLimit-Reset: 1686513236
X-RateLimit-Used: 105
X-RateLimit-Resource: core
Access-Control-Expose-Headers: ETag, Link, Location, Retry-After, X-GitHub-OTP, X-RateLimit-Limit, X-RateLimit-Remaining, X-RateLimit-Used, X-RateLimit-Resource, X-RateLimit-Reset, X-OAuth-Scopes, X-Accepted-OAuth-Scopes, X-Poll-Interval, X-GitHub-Media-Type, X-GitHub-SSO, X-GitHub-Request-Id, Deprecation, Sunset
Access-Control-Allow-Origin: *
Strict-Transport-Security: max-age=31536000; includeSubdomains; preload
X-Frame-Options: deny
X-Content-Type-Options: nosniff
X-XSS-Protection: 0
Referrer-Policy: origin-when-cross-origin, strict-origin-when-cross-origin
Content-Security-Policy: default-src 'none'
Vary: Accept-Encoding, Accept, X-Requested-With
Content-Encoding: gzip
X-GitHub-Request-Id: E3D0:063C:45B86C2:48AD0F3:64861A90

{
    "login": "jimarasim",
    "id": 2319417,
    "node_id": "MDQ6VXNlcjIzMTk0MTc=",
    "avatar_url": "https://avatars.githubusercontent.com/u/2319417?v=4",
    "gravatar_id": "",
    "url": "https://api.github.com/users/jimarasim",
    "html_url": "https://github.com/jimarasim",
    "followers_url": "https://api.github.com/users/jimarasim/followers",
    "following_url": "https://api.github.com/users/jimarasim/following{/other_user}",
    "gists_url": "https://api.github.com/users/jimarasim/gists{/gist_id}",
    "starred_url": "https://api.github.com/users/jimarasim/starred{/owner}{/repo}",
    "subscriptions_url": "https://api.github.com/users/jimarasim/subscriptions",
    "organizations_url": "https://api.github.com/users/jimarasim/orgs",
    "repos_url": "https://api.github.com/users/jimarasim/repos",
    "events_url": "https://api.github.com/users/jimarasim/events{/privacy}",
    "received_events_url": "https://api.github.com/users/jimarasim/received_events",
    "type": "User",
    "site_admin": false,
    "name": "James Arasim",
    "company": "Jaemzware",
    "blog": "https://stuffedanimalwar.com",
    "location": "Seattle",
    "email": null,
    "hireable": null,
    "bio": "Resides in Seattle, WA",
    "twitter_username": null,
    "public_repos": 38,
    "public_gists": 0,
    "followers": 3,
    "following": 1,
    "created_at": "2012-09-10T18:19:00Z",
    "updated_at": "2023-05-07T07:23:20Z"
}
]]></system-out>
  </testcase>
  <testcase name="UsersGetSpecificUserHappyPathTest" classname="com.jaemzware.UsersGetSpecificUserHappyPath" time="0.148"/>
</testsuite>