<?xml version="1.0" encoding="UTF-8"?>
<testsuite xmlns:xsi="http://www.w3.org/2001/XMLSchema-instance" xsi:schemaLocation="https://maven.apache.org/surefire/maven-surefire-plugin/xsd/surefire-test-report.xsd" name="com.jaemzware.UsersGetSpecificUserHappyPath" time="3.441" tests="1" errors="0" skipped="0" failures="1">
  <properties>
[...]
</properties>
  <testcase name="UsersGetSpecificUserHappyPathTest" classname="com.jaemzware.UsersGetSpecificUserHappyPath" time="2.008">
    <failure message="1 expectation failed.&#10;Expected response time was not a value less than &lt;1500L&gt; milliseconds, was 1530 milliseconds (1530 milliseconds)." type="java.lang.AssertionError"><![CDATA[java.lang.AssertionError: 
1 expectation failed.
Expected response time was not a value less than <1500L> milliseconds, was 1530 milliseconds (1530 milliseconds).
	at com.jaemzware.UsersGetSpecificUserHappyPath.UsersGetSpecificUserHappyPathTest(UsersGetSpecificUserHappyPath.java:20)
]]></failure>
    <system-out><![CDATA[HTTP/1.1 200 OK
Date: Thu, 20 Jul 2017 18:51:16 GMT
Content-Type: application/json; charset=utf-8
Transfer-Encoding: chunked
Server: GitHub.com
Status: 200 OK
X-RateLimit-Limit: 60
X-RateLimit-Remaining: 50
X-RateLimit-Reset: 1500578783
Cache-Control: public, max-age=60, s-maxage=60
Vary: Accept
ETag: W/"b4a0e81dcb1a2e551f04009b1ae453c5"
Last-Modified: Thu, 20 Jul 2017 18:50:57 GMT
X-GitHub-Media-Type: github.v3; format=json
Access-Control-Expose-Headers: ETag, Link, X-GitHub-OTP, X-RateLimit-Limit, X-RateLimit-Remaining, X-RateLimit-Reset, X-OAuth-Scopes, X-Accepted-OAuth-Scopes, X-Poll-Interval
Access-Control-Allow-Origin: *
Content-Security-Policy: default-src 'none'
Strict-Transport-Security: max-age=31536000; includeSubdomains; preload
X-Content-Type-Options: nosniff
X-Frame-Options: deny
X-XSS-Protection: 1; mode=block
X-Runtime-rack: 0.031987
Content-Encoding: gzip
Vary: Accept-Encoding
X-GitHub-Request-Id: EAFC:12CF8:AC8DC:E7820:5970FBA4

{
    "login": "jimarasim",
    "id": 2319417,
    "avatar_url": "https://avatars3.githubusercontent.com/u/2319417?v=4",
    "gravatar_id": "",
    "url": "https://api.github.com/users/jimarasim",
    "html_url": "https://github.com/jimarasim",
    "followers_url": "https://api.github.com/users/jimarasim/followers",
    "following_url": "https://api.github.com/users/jimarasim/following{/other_user}",
    "gists_url": "https://api.github.com/users/jimarasim/gists{/gist_id}",
    "starred_url": "https://api.github.com/users/jimarasim/starred{/owner}{/repo}",
    "subscriptions_url": "https://api.github.com/users/jimarasim/subscriptions",
    "organizations_url": "https://api.github.com/users/jimarasim/orgs",
    "repos_url": "https://api.github.com/users/jimarasim/repos",
    "events_url": "https://api.github.com/users/jimarasim/events{/privacy}",
    "received_events_url": "https://api.github.com/users/jimarasim/received_events",
    "type": "User",
    "site_admin": false,
    "name": "Jim Arasim",
    "company": "Jaemzware",
    "blog": "https://seattlerules.com",
    "location": "Seattle",
    "email": null,
    "hireable": null,
    "bio": null,
    "public_repos": 0,
    "public_gists": 0,
    "followers": 1,
    "following": 0,
    "created_at": "2012-09-10T18:19:00Z",
    "updated_at": "2017-07-20T18:50:57Z"
}
]]></system-out>
  </testcase>
</testsuite>