<?xml version="1.0" encoding="UTF-8"?>
<testsuite xmlns:xsi="http://www.w3.org/2001/XMLSchema-instance" xsi:schemaLocation="https://maven.apache.org/surefire/maven-surefire-plugin/xsd/surefire-test-report.xsd" name="TestSuite" time="30.371" tests="9" errors="0" skipped="0" failures="0">
  <properties>
[...]
</properties>
  <testcase name="BranchesGetAnonymousHappyPathTest" classname="com.jaemzware.BranchesGetAnonymousHappyPath" time="14.796"/>
  <testcase name="BranchesGetAuthenticatedHappyPathTest" classname="com.jaemzware.BranchesGetAuthenticatedHappyPath" time="10.123"/>
  <testcase name="ReposGetAnonymousHappyPathTest" classname="com.jaemzware.ReposGetAnonymousHappyPath" time="0.752"/>
  <testcase name="ReposGetAuthenticatedHappyPathTest" classname="com.jaemzware.ReposGetAuthenticatedHappyPath" time="0.5"/>
  <testcase name="ReposNegPostAnonymousTest" classname="com.jaemzware.ReposNegPostAnonymous" time="0.396"/>
  <testcase name="UserGetHappyPathTest" classname="com.jaemzware.UserGetHappyPath" time="0.423"/>
  <testcase name="UserNegNotAuthorizedTest" classname="com.jaemzware.UserNegNotAuthorized" time="0.402"/>
  <testcase name="UserPostHappyPathTest" classname="com.jaemzware.UserPostHappyPath" time="1.393"/>
  <testcase name="UsersGetSpecificUserHappyPathTest" classname="com.jaemzware.UsersGetSpecificUserHappyPath" time="0.362"/>
</testsuite>