<?xml version="1.0" encoding="UTF-8"?>
<testng-results skipped="9" failed="0" total="9" passed="0">
  <reporter-output>
  </reporter-output>
  <suite name="Default Suite" duration-ms="19" started-at="2017-07-21T17:23:12Z" finished-at="2017-07-21T17:23:12Z">
    <groups>
    </groups>
    <test name="RESTAssuredStandalone" duration-ms="19" started-at="2017-07-21T17:23:12Z" finished-at="2017-07-21T17:23:12Z">
      <class name="com.jaemzware.BranchesGetAuthenticatedHappyPath">
        <test-method status="SKIP" signature="BranchesGetAuthenticatedHappyPathTest()[pri:0, instance:com.jaemzware.BranchesGetAuthenticatedHappyPath@2be94b0f]" name="BranchesGetAuthenticatedHappyPathTest" duration-ms="0" started-at="2017-07-21T11:23:12Z" finished-at="2017-07-21T11:23:12Z">
          <reporter-output>
          </reporter-output>
        </test-method> <!-- BranchesGetAuthenticatedHappyPathTest -->
        <test-method status="SKIP" signature="initPath()[pri:0, instance:com.jaemzware.BranchesGetAuthenticatedHappyPath@2be94b0f]" name="initPath" is-config="true" duration-ms="0" started-at="2017-07-21T11:23:12Z" finished-at="2017-07-21T11:23:12Z">
          <reporter-output>
          </reporter-output>
        </test-method> <!-- initPath -->
      </class> <!-- com.jaemzware.BranchesGetAuthenticatedHappyPath -->
      <class name="com.jaemzware.UserNegNotAuthorized">
        <test-method status="SKIP" signature="initPath()[pri:0, instance:com.jaemzware.UserNegNotAuthorized@5fe5c6f]" name="initPath" is-config="true" duration-ms="0" started-at="2017-07-21T11:23:12Z" finished-at="2017-07-21T11:23:12Z">
          <reporter-output>
          </reporter-output>
        </test-method> <!-- initPath -->
        <test-method status="SKIP" signature="UserNegNotAuthorizedTest()[pri:0, instance:com.jaemzware.UserNegNotAuthorized@5fe5c6f]" name="UserNegNotAuthorizedTest" duration-ms="0" started-at="2017-07-21T11:23:12Z" finished-at="2017-07-21T11:23:12Z">
          <reporter-output>
          </reporter-output>
        </test-method> <!-- UserNegNotAuthorizedTest -->
      </class> <!-- com.jaemzware.UserNegNotAuthorized -->
      <class name="com.jaemzware.UserPostHappyPath">
        <test-method status="SKIP" signature="initPath()[pri:0, instance:com.jaemzware.UserPostHappyPath@d70c109]" name="initPath" is-config="true" duration-ms="0" started-at="2017-07-21T11:23:12Z" finished-at="2017-07-21T11:23:12Z">
          <reporter-output>
          </reporter-output>
        </test-method> <!-- initPath -->
        <test-method status="SKIP" signature="UserPostHappyPathTest()[pri:0, instance:com.jaemzware.UserPostHappyPath@d70c109]" name="UserPostHappyPathTest" duration-ms="0" started-at="2017-07-21T11:23:12Z" finished-at="2017-07-21T11:23:12Z">
          <reporter-output>
          </reporter-output>
        </test-method> <!-- UserPostHappyPathTest -->
      </class> <!-- com.jaemzware.UserPostHappyPath -->
      <class name="com.jaemzware.ReposGetAuthenticatedHappyPath">
        <test-method status="SKIP" signature="ReposGetAuthenticatedHappyPathTest()[pri:0, instance:com.jaemzware.ReposGetAuthenticatedHappyPath@5a42bbf4]" name="ReposGetAuthenticatedHappyPathTest" duration-ms="0" started-at="2017-07-21T11:23:12Z" finished-at="2017-07-21T11:23:12Z">
          <reporter-output>
          </reporter-output>
        </test-method> <!-- ReposGetAuthenticatedHappyPathTest -->
        <test-method status="SKIP" signature="initPath()[pri:0, instance:com.jaemzware.ReposGetAuthenticatedHappyPath@5a42bbf4]" name="initPath" is-config="true" duration-ms="0" started-at="2017-07-21T11:23:12Z" finished-at="2017-07-21T11:23:12Z">
          <reporter-output>
          </reporter-output>
        </test-method> <!-- initPath -->
      </class> <!-- com.jaemzware.ReposGetAuthenticatedHappyPath -->
      <class name="com.jaemzware.UserGetHappyPath">
        <test-method status="SKIP" signature="UserGetHappyPathTest()[pri:0, instance:com.jaemzware.UserGetHappyPath@5c0369c4]" name="UserGetHappyPathTest" duration-ms="0" started-at="2017-07-21T11:23:12Z" finished-at="2017-07-21T11:23:12Z">
          <reporter-output>
          </reporter-output>
        </test-method> <!-- UserGetHappyPathTest -->
        <test-method status="SKIP" signature="initPath()[pri:0, instance:com.jaemzware.UserGetHappyPath@5c0369c4]" name="initPath" is-config="true" duration-ms="0" started-at="2017-07-21T11:23:12Z" finished-at="2017-07-21T11:23:12Z">
          <reporter-output>
          </reporter-output>
        </test-method> <!-- initPath -->
      </class> <!-- com.jaemzware.UserGetHappyPath -->
      <class name="com.jaemzware.ReposGetAnonymousHappyPath">
        <test-method status="SKIP" signature="initPath()[pri:0, instance:com.jaemzware.ReposGetAnonymousHappyPath@31b7dea0]" name="initPath" is-config="true" duration-ms="0" started-at="2017-07-21T11:23:12Z" finished-at="2017-07-21T11:23:12Z">
          <reporter-output>
          </reporter-output>
        </test-method> <!-- initPath -->
        <test-method status="SKIP" signature="ReposGetAnonymousHappyPathTest()[pri:0, instance:com.jaemzware.ReposGetAnonymousHappyPath@31b7dea0]" name="ReposGetAnonymousHappyPathTest" duration-ms="1" started-at="2017-07-21T11:23:12Z" finished-at="2017-07-21T11:23:12Z">
          <reporter-output>
          </reporter-output>
        </test-method> <!-- ReposGetAnonymousHappyPathTest -->
      </class> <!-- com.jaemzware.ReposGetAnonymousHappyPath -->
      <class name="com.jaemzware.ReposNegPostAnonymous">
        <test-method status="SKIP" signature="initPath()[pri:0, instance:com.jaemzware.ReposNegPostAnonymous@3ac42916]" name="initPath" is-config="true" duration-ms="0" started-at="2017-07-21T11:23:12Z" finished-at="2017-07-21T11:23:12Z">
          <reporter-output>
          </reporter-output>
        </test-method> <!-- initPath -->
        <test-method status="SKIP" signature="ReposNegPostAnonymousTest()[pri:0, instance:com.jaemzware.ReposNegPostAnonymous@3ac42916]" name="ReposNegPostAnonymousTest" duration-ms="0" started-at="2017-07-21T11:23:12Z" finished-at="2017-07-21T11:23:12Z">
          <reporter-output>
          </reporter-output>
        </test-method> <!-- ReposNegPostAnonymousTest -->
      </class> <!-- com.jaemzware.ReposNegPostAnonymous -->
      <class name="com.jaemzware.BranchesGetAnonymousHappyPath">
        <test-method status="FAIL" signature="initPath()[pri:0, instance:com.jaemzware.BranchesGetAnonymousHappyPath@50675690]" name="initPath" is-config="true" duration-ms="0" started-at="2017-07-21T11:23:12Z" finished-at="2017-07-21T11:23:12Z">
          <exception class="java.lang.NoClassDefFoundError">
            <message>
              <![CDATA[io/restassured/RestAssured]]>
            </message>
            <full-stacktrace>
              <![CDATA[java.lang.NoClassDefFoundError: io/restassured/RestAssured
	at com.jaemzware.BaseTest.initPath(BaseTest.java:30)
	at sun.reflect.NativeMethodAccessorImpl.invoke0(Native Method)
	at sun.reflect.NativeMethodAccessorImpl.invoke(NativeMethodAccessorImpl.java:62)
	at sun.reflect.DelegatingMethodAccessorImpl.invoke(DelegatingMethodAccessorImpl.java:43)
	at java.lang.reflect.Method.invoke(Method.java:497)
	at org.testng.internal.MethodInvocationHelper.invokeMethod(MethodInvocationHelper.java:80)
	at org.testng.internal.Invoker.invokeConfigurationMethod(Invoker.java:564)
	at org.testng.internal.Invoker.invokeConfigurations(Invoker.java:213)
	at org.testng.internal.Invoker.invokeConfigurations(Invoker.java:138)
	at org.testng.internal.TestMethodWorker.invokeBeforeClassMethods(TestMethodWorker.java:175)
	at org.testng.internal.TestMethodWorker.run(TestMethodWorker.java:107)
	at org.testng.TestRunner.privateRun(TestRunner.java:767)
	at org.testng.TestRunner.run(TestRunner.java:617)
	at org.testng.SuiteRunner.runTest(SuiteRunner.java:334)
	at org.testng.SuiteRunner.runSequentially(SuiteRunner.java:329)
	at org.testng.SuiteRunner.privateRun(SuiteRunner.java:291)
	at org.testng.SuiteRunner.run(SuiteRunner.java:240)
	at org.testng.SuiteRunnerWorker.runSuite(SuiteRunnerWorker.java:52)
	at org.testng.SuiteRunnerWorker.run(SuiteRunnerWorker.java:86)
	at org.testng.TestNG.runSuitesSequentially(TestNG.java:1198)
	at org.testng.TestNG.runSuitesLocally(TestNG.java:1123)
	at org.testng.TestNG.run(TestNG.java:1031)
	at org.testng.TestNG.privateMain(TestNG.java:1338)
	at org.testng.TestNG.main(TestNG.java:1307)
Caused by: java.lang.ClassNotFoundException: io.restassured.RestAssured
	at java.net.URLClassLoader.findClass(URLClassLoader.java:381)
	at java.lang.ClassLoader.loadClass(ClassLoader.java:424)
	at sun.misc.Launcher$AppClassLoader.loadClass(Launcher.java:331)
	at java.lang.ClassLoader.loadClass(ClassLoader.java:357)
	... 24 more
]]>
            </full-stacktrace>
          </exception> <!-- java.lang.NoClassDefFoundError -->
          <reporter-output>
          </reporter-output>
        </test-method> <!-- initPath -->
        <test-method status="SKIP" signature="BranchesGetAnonymousHappyPathTest()[pri:0, instance:com.jaemzware.BranchesGetAnonymousHappyPath@50675690]" name="BranchesGetAnonymousHappyPathTest" duration-ms="0" started-at="2017-07-21T11:23:12Z" finished-at="2017-07-21T11:23:12Z">
          <reporter-output>
          </reporter-output>
        </test-method> <!-- BranchesGetAnonymousHappyPathTest -->
      </class> <!-- com.jaemzware.BranchesGetAnonymousHappyPath -->
      <class name="com.jaemzware.UsersGetSpecificUserHappyPath">
        <test-method status="SKIP" signature="initPath()[pri:0, instance:com.jaemzware.UsersGetSpecificUserHappyPath@763d9750]" name="initPath" is-config="true" duration-ms="0" started-at="2017-07-21T11:23:12Z" finished-at="2017-07-21T11:23:12Z">
          <reporter-output>
          </reporter-output>
        </test-method> <!-- initPath -->
        <test-method status="SKIP" signature="UsersGetSpecificUserHappyPathTest()[pri:0, instance:com.jaemzware.UsersGetSpecificUserHappyPath@763d9750]" name="UsersGetSpecificUserHappyPathTest" duration-ms="0" started-at="2017-07-21T11:23:12Z" finished-at="2017-07-21T11:23:12Z">
          <reporter-output>
          </reporter-output>
        </test-method> <!-- UsersGetSpecificUserHappyPathTest -->
      </class> <!-- com.jaemzware.UsersGetSpecificUserHappyPath -->
    </test> <!-- RESTAssuredStandalone -->
  </suite> <!-- Default Suite -->
</testng-results>
